<?xml version="1.0" encoding="UTF-8"?>
<testng-results skipped="0" failed="0" total="2" passed="2">
  <reporter-output>
  </reporter-output>
  <suite name="suit" duration-ms="3522" started-at="2018-12-09T04:40:53Z" finished-at="2018-12-09T04:40:56Z">
    <groups>
    </groups>
    <test name="grabApiTest" duration-ms="3522" started-at="2018-12-09T04:40:53Z" finished-at="2018-12-09T04:40:56Z">
      <class name="com.qa.testcase.TestGrabAPI">
        <test-method status="PASS" signature="setUp()[pri:0, instance:null(com.qa.testcase.TestGrabAPI)]" name="setUp" is-config="true" duration-ms="30" started-at="2018-12-09T12:40:53Z" finished-at="2018-12-09T12:40:53Z">
          <reporter-output>
          </reporter-output>
        </test-method> <!-- setUp -->
        <test-method status="PASS" signature="testMutiLocations()[pri:0, instance:null(com.qa.testcase.TestGrabAPI)]" name="testMutiLocations" duration-ms="2527" started-at="2018-12-09T12:40:53Z" finished-at="2018-12-09T12:40:55Z">
          <reporter-output>
          </reporter-output>
        </test-method> <!-- testMutiLocations -->
        <test-method status="PASS" signature="testSingleLocations()[pri:0, instance:null(com.qa.testcase.TestGrabAPI)]" name="testSingleLocations" duration-ms="950" started-at="2018-12-09T12:40:55Z" finished-at="2018-12-09T12:40:56Z">
          <reporter-output>
          </reporter-output>
        </test-method> <!-- testSingleLocations -->
      </class> <!-- com.qa.testcase.TestGrabAPI -->
    </test> <!-- grabApiTest -->
  </suite> <!-- suit -->
</testng-results>
