<?xml version="1.0" encoding="UTF-8"?>
<testsuite xmlns:xsi="http://www.w3.org/2001/XMLSchema-instance" xsi:schemaLocation="https://maven.apache.org/surefire/maven-surefire-plugin/xsd/surefire-test-report.xsd" name="TestSuite" time="4.282" tests="2" errors="0" skipped="0" failures="0">
  <properties>
[...]
</properties>
  <testcase name="testMutiLocations on null(com.qa.testcase.TestGrabAPI)" classname="com.qa.testcase.TestGrabAPI" time="2.53"/>
  <testcase name="testSingleLocations on null(com.qa.testcase.TestGrabAPI)" classname="com.qa.testcase.TestGrabAPI" time="0.952"/>
</testsuite>