<?xml version="1.0" encoding="UTF-8"?>
<!-- Generated by org.testng.reporters.JUnitXMLReporter -->
<testsuite hostname="PCQUNAR-QK24E42" name="grabApiTest" tests="2" failures="0" timestamp="9 Dec 2018 04:40:56 GMT" time="3.522" errors="0">
  <testcase name="testMutiLocations on null(com.qa.testcase.TestGrabAPI)" time="2.527" classname="com.qa.testcase.TestGrabAPI"/>
  <testcase name="testSingleLocations on null(com.qa.testcase.TestGrabAPI)" time="0.95" classname="com.qa.testcase.TestGrabAPI"/>
</testsuite> <!-- grabApiTest -->
